app/build/intermediates/manifest_merge_blame_file/debug/processDebugMainManifest/manifest-merger-blame-debug-report.txt
1<?xml version="1.0" encoding="utf-8"?>
2<manifest xmlns:android="http://schemas.android.com/apk/res/android"
3    package="com.tutorug.app"
4    android:versionCode="1"
5    android:versionName="1.0" >
6
7    <uses-sdk
8        android:minSdkVersion="26"
9        android:targetSdkVersion="34" />
10
11    <uses-permission android:name="android.permission.INTERNET" />
11-->src\main\AndroidManifest.xml:4:5-67
11-->src\main\AndroidManifest.xml:4:22-64
12    <uses-permission android:name="android.permission.RECORD_AUDIO" />
12-->src\main\AndroidManifest.xml:5:5-71
12-->src\main\AndroidManifest.xml:5:22-68
13    <uses-permission
13-->src\main\AndroidManifest.xml:6:5-107
14        android:name="android.permission.READ_EXTERNAL_STORAGE"
14-->src\main\AndroidManifest.xml:6:22-77
15        android:maxSdkVersion="32" />
15-->src\main\AndroidManifest.xml:6:78-104
16    <uses-permission android:name="android.permission.READ_MEDIA_IMAGES" />
16-->src\main\AndroidManifest.xml:7:5-76
16-->src\main\AndroidManifest.xml:7:22-73
17    <uses-permission android:name="android.permission.READ_MEDIA_DOCUMENTS" />
17-->src\main\AndroidManifest.xml:8:5-79
17-->src\main\AndroidManifest.xml:8:22-76
18    <uses-permission android:name="android.permission.POST_NOTIFICATIONS" />
18-->src\main\AndroidManifest.xml:9:5-77
18-->src\main\AndroidManifest.xml:9:22-74
19    <uses-permission android:name="android.permission.ACCESS_FINE_LOCATION" />
19-->src\main\AndroidManifest.xml:10:5-79
19-->src\main\AndroidManifest.xml:10:22-76
20    <uses-permission android:name="android.permission.ACCESS_COARSE_LOCATION" />
20-->src\main\AndroidManifest.xml:11:5-81
20-->src\main\AndroidManifest.xml:11:22-78
21    <uses-permission android:name="android.permission.SCHEDULE_EXACT_ALARM" />
21-->src\main\AndroidManifest.xml:12:5-79
21-->src\main\AndroidManifest.xml:12:22-76
22    <uses-permission android:name="android.permission.USE_EXACT_ALARM" />
22-->src\main\AndroidManifest.xml:13:5-74
22-->src\main\AndroidManifest.xml:13:22-71
23    <uses-permission android:name="android.permission.RECEIVE_BOOT_COMPLETED" />
23-->src\main\AndroidManifest.xml:14:5-81
23-->src\main\AndroidManifest.xml:14:22-78
24    <uses-permission android:name="android.permission.VIBRATE" />
24-->src\main\AndroidManifest.xml:15:5-66
24-->src\main\AndroidManifest.xml:15:22-63
25    <uses-permission android:name="android.permission.USE_FULL_SCREEN_INTENT" />
25-->src\main\AndroidManifest.xml:16:5-81
25-->src\main\AndroidManifest.xml:16:22-78
26    <uses-permission android:name="android.permission.WAKE_LOCK" />
26-->src\main\AndroidManifest.xml:17:5-68
26-->src\main\AndroidManifest.xml:17:22-65
27
28    <permission
28-->[androidx.core:core:1.13.1] AndroidManifest.xml:22:5-24:47
29        android:name="com.tutorug.app.DYNAMIC_RECEIVER_NOT_EXPORTED_PERMISSION"
29-->[androidx.core:core:1.13.1] AndroidManifest.xml:23:9-81
30        android:protectionLevel="signature" />
30-->[androidx.core:core:1.13.1] AndroidManifest.xml:24:9-44
31
32    <uses-permission android:name="com.tutorug.app.DYNAMIC_RECEIVER_NOT_EXPORTED_PERMISSION" /> <!-- Although the *SdkVersion is captured in gradle build files, this is required for non gradle builds -->
32-->[androidx.core:core:1.13.1] AndroidManifest.xml:26:5-97
32-->[androidx.core:core:1.13.1] AndroidManifest.xml:26:22-94
33    <!-- <uses-sdk android:minSdkVersion="14"/> -->
34    <uses-permission android:name="android.permission.ACCESS_NETWORK_STATE" />
34-->[com.google.android.datatransport:transport-backend-cct:2.3.3] AndroidManifest.xml:25:5-79
34-->[com.google.android.datatransport:transport-backend-cct:2.3.3] AndroidManifest.xml:25:22-76
35
36    <application
36-->src\main\AndroidManifest.xml:19:5-70:19
37        android:name="com.tutorug.app.TutorUGApp"
37-->src\main\AndroidManifest.xml:20:9-35
38        android:allowBackup="true"
38-->src\main\AndroidManifest.xml:21:9-35
39        android:appComponentFactory="androidx.core.app.CoreComponentFactory"
39-->[androidx.core:core:1.13.1] AndroidManifest.xml:28:18-86
40        android:debuggable="true"
41        android:extractNativeLibs="false"
42        android:icon="@mipmap/ic_launcher"
42-->src\main\AndroidManifest.xml:22:9-43
43        android:label="TutorUG"
43-->src\main\AndroidManifest.xml:23:9-32
44        android:roundIcon="@mipmap/ic_launcher_round"
44-->src\main\AndroidManifest.xml:24:9-54
45        android:supportsRtl="true"
45-->src\main\AndroidManifest.xml:25:9-35
46        android:theme="@style/Theme.TutorUG"
46-->src\main\AndroidManifest.xml:26:9-45
47        android:usesCleartextTraffic="false" >
47-->src\main\AndroidManifest.xml:27:9-45
48
49        <!-- Timetable alarm receiver -->
50        <receiver
50-->src\main\AndroidManifest.xml:30:9-32:40
51            android:name="com.tutorug.app.util.TimetableAlarmReceiver"
51-->src\main\AndroidManifest.xml:31:13-56
52            android:exported="false" />
52-->src\main\AndroidManifest.xml:32:13-37
53
54        <!-- Reschedules alarms after phone reboot -->
55        <receiver
55-->src\main\AndroidManifest.xml:35:9-43:20
56            android:name="com.tutorug.app.util.BootReceiver"
56-->src\main\AndroidManifest.xml:36:13-46
57            android:exported="true" >
57-->src\main\AndroidManifest.xml:37:13-36
58            <intent-filter android:priority="999" >
58-->src\main\AndroidManifest.xml:38:13-42:29
58-->src\main\AndroidManifest.xml:38:28-50
59                <action android:name="android.intent.action.BOOT_COMPLETED" />
59-->src\main\AndroidManifest.xml:39:17-79
59-->src\main\AndroidManifest.xml:39:25-76
60                <action android:name="android.intent.action.QUICKBOOT_POWERON" />
60-->src\main\AndroidManifest.xml:40:17-82
60-->src\main\AndroidManifest.xml:40:25-79
61
62                <category android:name="android.intent.category.DEFAULT" />
62-->src\main\AndroidManifest.xml:41:17-76
62-->src\main\AndroidManifest.xml:41:27-73
63            </intent-filter>
64        </receiver>
65
66        <!-- Full-screen alarm activity — shows over lock screen -->
67        <activity
67-->src\main\AndroidManifest.xml:46:9-52:49
68            android:name="com.tutorug.app.util.AlarmActivity"
68-->src\main\AndroidManifest.xml:47:13-47
69            android:excludeFromRecents="true"
69-->src\main\AndroidManifest.xml:52:13-46
70            android:exported="false"
70-->src\main\AndroidManifest.xml:48:13-37
71            android:showOnLockScreen="true"
71-->src\main\AndroidManifest.xml:49:13-44
72            android:theme="@style/Theme.TutorUG"
72-->src\main\AndroidManifest.xml:51:13-49
73            android:turnScreenOn="true" />
73-->src\main\AndroidManifest.xml:50:13-40
74        <activity
74-->src\main\AndroidManifest.xml:54:9-68:20
75            android:name="com.tutorug.app.MainActivity"
75-->src\main\AndroidManifest.xml:55:13-41
76            android:exported="true"
76-->src\main\AndroidManifest.xml:56:13-36
77            android:windowSoftInputMode="adjustResize" >
77-->src\main\AndroidManifest.xml:57:13-55
78            <intent-filter>
78-->src\main\AndroidManifest.xml:58:13-61:29
79                <action android:name="android.intent.action.MAIN" />
79-->src\main\AndroidManifest.xml:59:17-69
79-->src\main\AndroidManifest.xml:59:25-66
80
81                <category android:name="android.intent.category.LAUNCHER" />
81-->src\main\AndroidManifest.xml:60:17-77
81-->src\main\AndroidManifest.xml:60:27-74
82            </intent-filter>
83            <intent-filter>
83-->src\main\AndroidManifest.xml:62:13-67:29
84                <action android:name="android.intent.action.VIEW" />
84-->src\main\AndroidManifest.xml:63:17-69
84-->src\main\AndroidManifest.xml:63:25-66
85
86                <category android:name="android.intent.category.DEFAULT" />
86-->src\main\AndroidManifest.xml:41:17-76
86-->src\main\AndroidManifest.xml:41:27-73
87                <category android:name="android.intent.category.BROWSABLE" />
87-->src\main\AndroidManifest.xml:65:17-78
87-->src\main\AndroidManifest.xml:65:27-75
88
89                <data
89-->src\main\AndroidManifest.xml:66:17-80
90                    android:host="reset-password"
90-->src\main\AndroidManifest.xml:66:48-77
91                    android:scheme="tutorug" />
91-->src\main\AndroidManifest.xml:66:23-47
92            </intent-filter>
93        </activity>
94
95        <service
95-->[com.google.android.gms:play-services-mlkit-text-recognition-common:19.0.0] AndroidManifest.xml:9:9-15:19
96            android:name="com.google.mlkit.common.internal.MlKitComponentDiscoveryService"
96-->[com.google.android.gms:play-services-mlkit-text-recognition-common:19.0.0] AndroidManifest.xml:10:13-91
97            android:directBootAware="true"
97-->[com.google.mlkit:common:18.8.0] AndroidManifest.xml:17:13-43
98            android:exported="false" >
98-->[com.google.android.gms:play-services-mlkit-text-recognition-common:19.0.0] AndroidManifest.xml:11:13-37
99            <meta-data
99-->[com.google.android.gms:play-services-mlkit-text-recognition-common:19.0.0] AndroidManifest.xml:12:13-14:85
100                android:name="com.google.firebase.components:com.google.mlkit.vision.text.internal.TextRegistrar"
100-->[com.google.android.gms:play-services-mlkit-text-recognition-common:19.0.0] AndroidManifest.xml:13:17-114
101                android:value="com.google.firebase.components.ComponentRegistrar" />
101-->[com.google.android.gms:play-services-mlkit-text-recognition-common:19.0.0] AndroidManifest.xml:14:17-82
102            <meta-data
102-->[com.google.mlkit:vision-common:17.3.0] AndroidManifest.xml:12:13-14:85
103                android:name="com.google.firebase.components:com.google.mlkit.vision.common.internal.VisionCommonRegistrar"
103-->[com.google.mlkit:vision-common:17.3.0] AndroidManifest.xml:13:17-124
104                android:value="com.google.firebase.components.ComponentRegistrar" />
104-->[com.google.mlkit:vision-common:17.3.0] AndroidManifest.xml:14:17-82
105            <meta-data
105-->[com.google.mlkit:common:18.8.0] AndroidManifest.xml:20:13-22:85
106                android:name="com.google.firebase.components:com.google.mlkit.common.internal.CommonComponentRegistrar"
106-->[com.google.mlkit:common:18.8.0] AndroidManifest.xml:21:17-120
107                android:value="com.google.firebase.components.ComponentRegistrar" />
107-->[com.google.mlkit:common:18.8.0] AndroidManifest.xml:22:17-82
108        </service>
109
110        <provider
110-->[com.google.mlkit:common:18.8.0] AndroidManifest.xml:9:9-13:38
111            android:name="com.google.mlkit.common.internal.MlKitInitProvider"
111-->[com.google.mlkit:common:18.8.0] AndroidManifest.xml:10:13-78
112            android:authorities="com.tutorug.app.mlkitinitprovider"
112-->[com.google.mlkit:common:18.8.0] AndroidManifest.xml:11:13-69
113            android:exported="false"
113-->[com.google.mlkit:common:18.8.0] AndroidManifest.xml:12:13-37
114            android:initOrder="99" />
114-->[com.google.mlkit:common:18.8.0] AndroidManifest.xml:13:13-35
115
116        <activity
116-->[com.google.android.gms:play-services-base:18.1.0] AndroidManifest.xml:20:9-22:45
117            android:name="com.google.android.gms.common.api.GoogleApiActivity"
117-->[com.google.android.gms:play-services-base:18.1.0] AndroidManifest.xml:20:19-85
118            android:exported="false"
118-->[com.google.android.gms:play-services-base:18.1.0] AndroidManifest.xml:22:19-43
119            android:theme="@android:style/Theme.Translucent.NoTitleBar" />
119-->[com.google.android.gms:play-services-base:18.1.0] AndroidManifest.xml:21:19-78
120
121        <meta-data
121-->[com.google.android.gms:play-services-basement:18.1.0] AndroidManifest.xml:21:9-23:69
122            android:name="com.google.android.gms.version"
122-->[com.google.android.gms:play-services-basement:18.1.0] AndroidManifest.xml:22:13-58
123            android:value="@integer/google_play_services_version" />
123-->[com.google.android.gms:play-services-basement:18.1.0] AndroidManifest.xml:23:13-66
124
125        <provider
125-->[androidx.emoji2:emoji2:1.3.0] AndroidManifest.xml:24:9-32:20
126            android:name="androidx.startup.InitializationProvider"
126-->[androidx.emoji2:emoji2:1.3.0] AndroidManifest.xml:25:13-67
127            android:authorities="com.tutorug.app.androidx-startup"
127-->[androidx.emoji2:emoji2:1.3.0] AndroidManifest.xml:26:13-68
128            android:exported="false" >
128-->[androidx.emoji2:emoji2:1.3.0] AndroidManifest.xml:27:13-37
129            <meta-data
129-->[androidx.emoji2:emoji2:1.3.0] AndroidManifest.xml:29:13-31:52
130                android:name="androidx.emoji2.text.EmojiCompatInitializer"
130-->[androidx.emoji2:emoji2:1.3.0] AndroidManifest.xml:30:17-75
131                android:value="androidx.startup" />
131-->[androidx.emoji2:emoji2:1.3.0] AndroidManifest.xml:31:17-49
132            <meta-data
132-->[androidx.lifecycle:lifecycle-process:2.8.0] AndroidManifest.xml:29:13-31:52
133                android:name="androidx.lifecycle.ProcessLifecycleInitializer"
133-->[androidx.lifecycle:lifecycle-process:2.8.0] AndroidManifest.xml:30:17-78
134                android:value="androidx.startup" />
134-->[androidx.lifecycle:lifecycle-process:2.8.0] AndroidManifest.xml:31:17-49
135            <meta-data
135-->[androidx.profileinstaller:profileinstaller:1.3.1] AndroidManifest.xml:29:13-31:52
136                android:name="androidx.profileinstaller.ProfileInstallerInitializer"
136-->[androidx.profileinstaller:profileinstaller:1.3.1] AndroidManifest.xml:30:17-85
137                android:value="androidx.startup" />
137-->[androidx.profileinstaller:profileinstaller:1.3.1] AndroidManifest.xml:31:17-49
138        </provider>
139
140        <activity
140-->[androidx.compose.ui:ui-tooling-android:1.6.7] AndroidManifest.xml:23:9-25:39
141            android:name="androidx.compose.ui.tooling.PreviewActivity"
141-->[androidx.compose.ui:ui-tooling-android:1.6.7] AndroidManifest.xml:24:13-71
142            android:exported="true" />
142-->[androidx.compose.ui:ui-tooling-android:1.6.7] AndroidManifest.xml:25:13-36
143
144        <service
144-->[com.google.android.datatransport:transport-backend-cct:2.3.3] AndroidManifest.xml:29:9-35:19
145            android:name="com.google.android.datatransport.runtime.backends.TransportBackendDiscovery"
145-->[com.google.android.datatransport:transport-backend-cct:2.3.3] AndroidManifest.xml:30:13-103
146            android:exported="false" >
146-->[com.google.android.datatransport:transport-backend-cct:2.3.3] AndroidManifest.xml:31:13-37
147            <meta-data
147-->[com.google.android.datatransport:transport-backend-cct:2.3.3] AndroidManifest.xml:32:13-34:39
148                android:name="backend:com.google.android.datatransport.cct.CctBackendFactory"
148-->[com.google.android.datatransport:transport-backend-cct:2.3.3] AndroidManifest.xml:33:17-94
149                android:value="cct" />
149-->[com.google.android.datatransport:transport-backend-cct:2.3.3] AndroidManifest.xml:34:17-36
150        </service>
151        <service
151-->[com.google.android.datatransport:transport-runtime:2.2.6] AndroidManifest.xml:26:9-30:19
152            android:name="com.google.android.datatransport.runtime.scheduling.jobscheduling.JobInfoSchedulerService"
152-->[com.google.android.datatransport:transport-runtime:2.2.6] AndroidManifest.xml:27:13-117
153            android:exported="false"
153-->[com.google.android.datatransport:transport-runtime:2.2.6] AndroidManifest.xml:28:13-37
154            android:permission="android.permission.BIND_JOB_SERVICE" >
154-->[com.google.android.datatransport:transport-runtime:2.2.6] AndroidManifest.xml:29:13-69
155        </service>
156
157        <receiver
157-->[com.google.android.datatransport:transport-runtime:2.2.6] AndroidManifest.xml:32:9-34:40
158            android:name="com.google.android.datatransport.runtime.scheduling.jobscheduling.AlarmManagerSchedulerBroadcastReceiver"
158-->[com.google.android.datatransport:transport-runtime:2.2.6] AndroidManifest.xml:33:13-132
159            android:exported="false" />
159-->[com.google.android.datatransport:transport-runtime:2.2.6] AndroidManifest.xml:34:13-37
160        <receiver
160-->[androidx.profileinstaller:profileinstaller:1.3.1] AndroidManifest.xml:34:9-52:20
161            android:name="androidx.profileinstaller.ProfileInstallReceiver"
161-->[androidx.profileinstaller:profileinstaller:1.3.1] AndroidManifest.xml:35:13-76
162            android:directBootAware="false"
162-->[androidx.profileinstaller:profileinstaller:1.3.1] AndroidManifest.xml:36:13-44
163            android:enabled="true"
163-->[androidx.profileinstaller:profileinstaller:1.3.1] AndroidManifest.xml:37:13-35
164            android:exported="true"
164-->[androidx.profileinstaller:profileinstaller:1.3.1] AndroidManifest.xml:38:13-36
165            android:permission="android.permission.DUMP" >
165-->[androidx.profileinstaller:profileinstaller:1.3.1] AndroidManifest.xml:39:13-57
166            <intent-filter>
166-->[androidx.profileinstaller:profileinstaller:1.3.1] AndroidManifest.xml:40:13-42:29
167                <action android:name="androidx.profileinstaller.action.INSTALL_PROFILE" />
167-->[androidx.profileinstaller:profileinstaller:1.3.1] AndroidManifest.xml:41:17-91
167-->[androidx.profileinstaller:profileinstaller:1.3.1] AndroidManifest.xml:41:25-88
168            </intent-filter>
169            <intent-filter>
169-->[androidx.profileinstaller:profileinstaller:1.3.1] AndroidManifest.xml:43:13-45:29
170                <action android:name="androidx.profileinstaller.action.SKIP_FILE" />
170-->[androidx.profileinstaller:profileinstaller:1.3.1] AndroidManifest.xml:44:17-85
170-->[androidx.profileinstaller:profileinstaller:1.3.1] AndroidManifest.xml:44:25-82
171            </intent-filter>
172            <intent-filter>
172-->[androidx.profileinstaller:profileinstaller:1.3.1] AndroidManifest.xml:46:13-48:29
173                <action android:name="androidx.profileinstaller.action.SAVE_PROFILE" />
173-->[androidx.profileinstaller:profileinstaller:1.3.1] AndroidManifest.xml:47:17-88
173-->[androidx.profileinstaller:profileinstaller:1.3.1] AndroidManifest.xml:47:25-85
174            </intent-filter>
175            <intent-filter>
175-->[androidx.profileinstaller:profileinstaller:1.3.1] AndroidManifest.xml:49:13-51:29
176                <action android:name="androidx.profileinstaller.action.BENCHMARK_OPERATION" />
176-->[androidx.profileinstaller:profileinstaller:1.3.1] AndroidManifest.xml:50:17-95
176-->[androidx.profileinstaller:profileinstaller:1.3.1] AndroidManifest.xml:50:25-92
177            </intent-filter>
178        </receiver>
179    </application>
180
181</manifest>